#
# There is insufficient memory for the Java Runtime Environment to continue.
# Native memory allocation (malloc) failed to allocate 387056 bytes for Chunk::new
# Possible reasons:
#   The system is out of physical RAM or swap space
#   The process is running with CompressedOops enabled, and the Java Heap may be blocking the growth of the native heap
# Possible solutions:
#   Reduce memory load on the system
#   Increase physical memory or swap space
#   Check if swap backing store is full
#   Decrease Java heap size (-Xmx/-Xms)
#   Decrease number of Java threads
#   Decrease Java thread stack sizes (-Xss)
#   Set larger code cache with -XX:ReservedCodeCacheSize=
#   JVM is running with Unscaled Compressed Oops mode in which the Java heap is
#     placed in the first 4GB address space. The Java Heap base address is the
#     maximum limit for the native heap growth. Please use -XX:HeapBaseMinAddress
#     to set the Java Heap base and to place the Java Heap above 4GB virtual address.
# This output file may be truncated or incomplete.
#
#  Out of Memory Error (./open/src/hotspot/share/memory/arena.cpp:195), pid=18860, tid=21796
#
# JRE version: Java(TM) SE Runtime Environment (14.0.1+7) (build 14.0.1+7)
# Java VM: Java HotSpot(TM) 64-Bit Server VM (14.0.1+7, mixed mode, sharing, tiered, compressed oops, g1 gc, windows-amd64)
# No core dump will be written. Minidumps are not enabled by default on client versions of Windows
#

---------------  S U M M A R Y ------------

Command Line: -ea -Dfile.encoding=Cp1252 org.testng.remote.RemoteTestNG -serport 63490 -protocol json -d D:\JavaTest\Amazon\test-output C:\Users\ANJALI~1\AppData\Local\Temp\testng-eclipse--1875792147\testng-customsuite.xml

Host: Intel(R) Core(TM) i5-6200U CPU @ 2.30GHz, 4 cores, 7G,  Windows 10 , 64 bit Build 18362 (10.0.18362.1316)
Time: Mon Feb  8 01:41:22 2021 India Standard Time elapsed time: 11 seconds (0d 0h 0m 11s)

---------------  T H R E A D  ---------------

Current thread (0x000001b2b71c0000):  JavaThread "C2 CompilerThread0" daemon [_thread_in_native, id=21796, stack(0x0000008dcd500000,0x0000008dcd600000)]


Current CompileTask:
C2:  11932 1796   !   4       java.util.concurrent.ConcurrentHashMap::transfer (849 bytes)

Stack: [0x0000008dcd500000,0x0000008dcd600000]
Native frames: (J=compiled Java code, j=interpreted, Vv=VM code, C=native code)
V  [jvm.dll+0x5f840a]
V  [jvm.dll+0x741e4a]
V  [jvm.dll+0x7435ff]
V  [jvm.dll+0x743c43]
V  [jvm.dll+0x20d288]
V  [jvm.dll+0xabb07]
V  [jvm.dll+0xac1fc]
V  [jvm.dll+0x31c468]
V  [jvm.dll+0x2e6b48]
V  [jvm.dll+0x2e5f4a]
V  [jvm.dll+0x1e5e16]
V  [jvm.dll+0x1e50b8]
V  [jvm.dll+0x1779cc]
V  [jvm.dll+0x1f4105]
V  [jvm.dll+0x1f22eb]
V  [jvm.dll+0x706a9d]
V  [jvm.dll+0x6ff8ba]
V  [jvm.dll+0x5f72c6]
C  [ucrtbase.dll+0x210b2]
C  [KERNEL32.DLL+0x17c24]
C  [ntdll.dll+0x6d4d1]


---------------  P R O C E S S  ---------------

Threads class SMR info:
_java_thread_list=0x000001b2bae18710, length=18, elements={
0x000001b29b220000, 0x000001b2b719f800, 0x000001b2b71a3000, 0x000001b2b71bc800,
0x000001b2b71be000, 0x000001b2b71bf000, 0x000001b2b71c0000, 0x000001b2b9dd1000,
0x000001b2b9e01000, 0x000001b2b9ef2800, 0x000001b2b9ee3000, 0x000001b2ba4bc800,
0x000001b2ba96e000, 0x000001b2baded000, 0x000001b2baeee800, 0x000001b2baeef800,
0x000001b2bb130800, 0x000001b2bb131800
}

Java Threads: ( => current thread )
  0x000001b29b220000 JavaThread "Forwarding get on session ab4d9b8a9a1043c29761cdb81edbc8b8 to remote" [_thread_in_native, id=23944, stack(0x0000008dcc900000,0x0000008dcca00000)]
  0x000001b2b719f800 JavaThread "Reference Handler" daemon [_thread_blocked, id=24020, stack(0x0000008dcd000000,0x0000008dcd100000)]
  0x000001b2b71a3000 JavaThread "Finalizer" daemon [_thread_blocked, id=15184, stack(0x0000008dcd100000,0x0000008dcd200000)]
  0x000001b2b71bc800 JavaThread "Signal Dispatcher" daemon [_thread_blocked, id=23620, stack(0x0000008dcd200000,0x0000008dcd300000)]
  0x000001b2b71be000 JavaThread "Attach Listener" daemon [_thread_blocked, id=21068, stack(0x0000008dcd300000,0x0000008dcd400000)]
  0x000001b2b71bf000 JavaThread "Service Thread" daemon [_thread_blocked, id=9936, stack(0x0000008dcd400000,0x0000008dcd500000)]
=>0x000001b2b71c0000 JavaThread "C2 CompilerThread0" daemon [_thread_in_native, id=21796, stack(0x0000008dcd500000,0x0000008dcd600000)]
  0x000001b2b9dd1000 JavaThread "C1 CompilerThread0" daemon [_thread_blocked, id=4924, stack(0x0000008dcd600000,0x0000008dcd700000)]
  0x000001b2b9e01000 JavaThread "Sweeper thread" daemon [_thread_blocked, id=23064, stack(0x0000008dcd700000,0x0000008dcd800000)]
  0x000001b2b9ef2800 JavaThread "Notification Thread" daemon [_thread_blocked, id=22680, stack(0x0000008dcd800000,0x0000008dcd900000)]
  0x000001b2b9ee3000 JavaThread "Common-Cleaner" daemon [_thread_blocked, id=12244, stack(0x0000008dcda00000,0x0000008dcdb00000)]
  0x000001b2ba4bc800 JavaThread "ReaderThread" [_thread_in_native, id=14004, stack(0x0000008dcdd00000,0x0000008dcde00000)]
  0x000001b2ba96e000 JavaThread "Exec Default Executor" daemon [_thread_in_native, id=21368, stack(0x0000008dce100000,0x0000008dce200000)]
  0x000001b2baded000 JavaThread "UrlChecker-2" daemon [_thread_blocked, id=23592, stack(0x0000008dcdb00000,0x0000008dcdc00000)]
  0x000001b2baeee800 JavaThread "Exec Stream Pumper" daemon [_thread_in_native, id=17316, stack(0x0000008dce200000,0x0000008dce300000)]
  0x000001b2baeef800 JavaThread "Exec Stream Pumper" daemon [_thread_in_native, id=22900, stack(0x0000008dce300000,0x0000008dce400000)]
  0x000001b2bb130800 JavaThread "OkHttp ConnectionPool" daemon [_thread_blocked, id=13112, stack(0x0000008dce600000,0x0000008dce700000)]
  0x000001b2bb131800 JavaThread "Okio Watchdog" daemon [_thread_blocked, id=20980, stack(0x0000008dce700000,0x0000008dce800000)]

Other Threads:
  0x000001b2b719b000 VMThread "VM Thread" [stack: 0x0000008dccf00000,0x0000008dcd000000] [id=22492]
  0x000001b2b9ef3800 WatcherThread [stack: 0x0000008dcd900000,0x0000008dcda00000] [id=23828]
  0x000001b2b6ff1000 GCTaskThread "GC Thread#0" [stack: 0x0000008dcca00000,0x0000008dccb00000] [id=21460]
  0x000001b2ba724000 GCTaskThread "GC Thread#1" [stack: 0x0000008dcde00000,0x0000008dcdf00000] [id=9568]
  0x000001b2ba790800 GCTaskThread "GC Thread#2" [stack: 0x0000008dcdf00000,0x0000008dce000000] [id=20572]
  0x000001b2ba791000 GCTaskThread "GC Thread#3" [stack: 0x0000008dce000000,0x0000008dce100000] [id=5720]
  0x000001b2b7001800 ConcurrentGCThread "G1 Main Marker" [stack: 0x0000008dccb00000,0x0000008dccc00000] [id=18308]
  0x000001b2b7004800 ConcurrentGCThread "G1 Conc#0" [stack: 0x0000008dccc00000,0x0000008dccd00000] [id=6184]
  0x000001b2b7081800 ConcurrentGCThread "G1 Refine#0" [stack: 0x0000008dccd00000,0x0000008dcce00000] [id=10692]
  0x000001b2b7082800 ConcurrentGCThread "G1 Young RemSet Sampling" [stack: 0x0000008dcce00000,0x0000008dccf00000] [id=16840]

Threads with active compile tasks:
C2 CompilerThread0    12534 1796   !   4       java.util.concurrent.ConcurrentHashMap::transfer (849 bytes)

VM state:not at safepoint (normal execution)

VM Mutex/Monitor currently owned by a thread: None

Heap address: 0x0000000089200000, size: 1902 MB, Compressed Oops mode: 32-bit
Narrow klass base: 0x0000000800000000, Narrow klass shift: 3
Compressed class space size: 1073741824 Address: 0x0000000800b30000

Heap:
 garbage-first heap   total 58368K, used 27871K [0x0000000089200000, 0x0000000100000000)
  region size 1024K, 7 young (7168K), 3 survivors (3072K)
 Metaspace       used 15500K, capacity 16014K, committed 16256K, reserved 1062912K
  class space    used 1873K, capacity 2075K, committed 2176K, reserved 1048576K
Heap Regions: E=young(eden), S=young(survivor), O=old, HS=humongous(starts), HC=humongous(continues), CS=collection set, F=free, OA=open archive, CA=closed archive, TAMS=top-at-mark-start (previous, next)
|   0|0x0000000089200000, 0x0000000089300000, 0x0000000089300000|100%| O|  |TAMS 0x0000000089200000, 0x0000000089200000| Untracked 
|   1|0x0000000089300000, 0x00000000893ffd48, 0x0000000089400000| 99%| O|  |TAMS 0x0000000089300000, 0x0000000089300000| Untracked 
|   2|0x0000000089400000, 0x0000000089500000, 0x0000000089500000|100%| O|  |TAMS 0x0000000089400000, 0x0000000089400000| Untracked 
|   3|0x0000000089500000, 0x00000000895a5c90, 0x0000000089600000| 64%| O|  |TAMS 0x0000000089500000, 0x0000000089500000| Untracked 
|   4|0x0000000089600000, 0x0000000089615560, 0x0000000089700000|  8%| O|  |TAMS 0x0000000089600000, 0x0000000089600000| Untracked 
|   5|0x0000000089700000, 0x0000000089800000, 0x0000000089800000|100%|HS|  |TAMS 0x0000000089700000, 0x0000000089700000| Untracked 
|   6|0x0000000089800000, 0x0000000089900000, 0x0000000089900000|100%|HC|  |TAMS 0x0000000089800000, 0x0000000089800000| Untracked 
|   7|0x0000000089900000, 0x0000000089a00000, 0x0000000089a00000|100%|HC|  |TAMS 0x0000000089900000, 0x0000000089900000| Untracked 
|   8|0x0000000089a00000, 0x0000000089b00000, 0x0000000089b00000|100%|HC|  |TAMS 0x0000000089a00000, 0x0000000089a00000| Untracked 
|   9|0x0000000089b00000, 0x0000000089c00000, 0x0000000089c00000|100%|HC|  |TAMS 0x0000000089b00000, 0x0000000089b00000| Untracked 
|  10|0x0000000089c00000, 0x0000000089d00000, 0x0000000089d00000|100%|HC|  |TAMS 0x0000000089c00000, 0x0000000089c00000| Untracked 
|  11|0x0000000089d00000, 0x0000000089e00000, 0x0000000089e00000|100%|HS|  |TAMS 0x0000000089d00000, 0x0000000089d00000| Untracked 
|  12|0x0000000089e00000, 0x0000000089f00000, 0x0000000089f00000|100%|HC|  |TAMS 0x0000000089e00000, 0x0000000089e00000| Untracked 
|  13|0x0000000089f00000, 0x000000008a000000, 0x000000008a000000|100%|HC|  |TAMS 0x0000000089f00000, 0x0000000089f00000| Untracked 
|  14|0x000000008a000000, 0x000000008a100000, 0x000000008a100000|100%|HC|  |TAMS 0x000000008a000000, 0x000000008a000000| Untracked 
|  15|0x000000008a100000, 0x000000008a200000, 0x000000008a200000|100%|HC|  |TAMS 0x000000008a100000, 0x000000008a100000| Untracked 
|  16|0x000000008a200000, 0x000000008a300000, 0x000000008a300000|100%|HC|  |TAMS 0x000000008a200000, 0x000000008a200000| Untracked 
|  17|0x000000008a300000, 0x000000008a300000, 0x000000008a400000|  0%| F|  |TAMS 0x000000008a300000, 0x000000008a300000| Untracked 
|  18|0x000000008a400000, 0x000000008a400000, 0x000000008a500000|  0%| F|  |TAMS 0x000000008a400000, 0x000000008a400000| Untracked 
|  19|0x000000008a500000, 0x000000008a500000, 0x000000008a600000|  0%| F|  |TAMS 0x000000008a500000, 0x000000008a500000| Untracked 
|  20|0x000000008a600000, 0x000000008a600000, 0x000000008a700000|  0%| F|  |TAMS 0x000000008a600000, 0x000000008a600000| Untracked 
|  21|0x000000008a700000, 0x000000008a700000, 0x000000008a800000|  0%| F|  |TAMS 0x000000008a700000, 0x000000008a700000| Untracked 
|  22|0x000000008a800000, 0x000000008a800000, 0x000000008a900000|  0%| F|  |TAMS 0x000000008a800000, 0x000000008a800000| Untracked 
|  23|0x000000008a900000, 0x000000008aa00000, 0x000000008aa00000|100%|HS|  |TAMS 0x000000008a900000, 0x000000008a900000| Untracked 
|  24|0x000000008aa00000, 0x000000008ab00000, 0x000000008ab00000|100%|HC|  |TAMS 0x000000008aa00000, 0x000000008aa00000| Untracked 
|  25|0x000000008ab00000, 0x000000008ac00000, 0x000000008ac00000|100%|HC|  |TAMS 0x000000008ab00000, 0x000000008ab00000| Untracked 
|  26|0x000000008ac00000, 0x000000008ad00000, 0x000000008ad00000|100%|HC|  |TAMS 0x000000008ac00000, 0x000000008ac00000| Untracked 
|  27|0x000000008ad00000, 0x000000008ae00000, 0x000000008ae00000|100%|HC|  |TAMS 0x000000008ad00000, 0x000000008ad00000| Untracked 
|  28|0x000000008ae00000, 0x000000008af00000, 0x000000008af00000|100%|HC|  |TAMS 0x000000008ae00000, 0x000000008ae00000| Untracked 
|  29|0x000000008af00000, 0x000000008af00000, 0x000000008b000000|  0%| F|  |TAMS 0x000000008af00000, 0x000000008af00000| Untracked 
|  30|0x000000008b000000, 0x000000008b07d000, 0x000000008b100000| 48%| S|CS|TAMS 0x000000008b000000, 0x000000008b000000| Complete 
|  31|0x000000008b100000, 0x000000008b200000, 0x000000008b200000|100%| S|CS|TAMS 0x000000008b100000, 0x000000008b100000| Complete 
|  32|0x000000008b200000, 0x000000008b300000, 0x000000008b300000|100%| S|CS|TAMS 0x000000008b200000, 0x000000008b200000| Complete 
|  33|0x000000008b300000, 0x000000008b300000, 0x000000008b400000|  0%| F|  |TAMS 0x000000008b300000, 0x000000008b300000| Untracked 
|  34|0x000000008b400000, 0x000000008b400000, 0x000000008b500000|  0%| F|  |TAMS 0x000000008b400000, 0x000000008b400000| Untracked 
|  35|0x000000008b500000, 0x000000008b500000, 0x000000008b600000|  0%| F|  |TAMS 0x000000008b500000, 0x000000008b500000| Untracked 
|  36|0x000000008b600000, 0x000000008b600000, 0x000000008b700000|  0%| F|  |TAMS 0x000000008b600000, 0x000000008b600000| Untracked 
|  37|0x000000008b700000, 0x000000008b700000, 0x000000008b800000|  0%| F|  |TAMS 0x000000008b700000, 0x000000008b700000| Untracked 
|  38|0x000000008b800000, 0x000000008b800000, 0x000000008b900000|  0%| F|  |TAMS 0x000000008b800000, 0x000000008b800000| Untracked 
|  39|0x000000008b900000, 0x000000008b900000, 0x000000008ba00000|  0%| F|  |TAMS 0x000000008b900000, 0x000000008b900000| Untracked 
|  40|0x000000008ba00000, 0x000000008ba00000, 0x000000008bb00000|  0%| F|  |TAMS 0x000000008ba00000, 0x000000008ba00000| Untracked 
|  41|0x000000008bb00000, 0x000000008bb00000, 0x000000008bc00000|  0%| F|  |TAMS 0x000000008bb00000, 0x000000008bb00000| Untracked 
|  42|0x000000008bc00000, 0x000000008bc00000, 0x000000008bd00000|  0%| F|  |TAMS 0x000000008bc00000, 0x000000008bc00000| Untracked 
|  43|0x000000008bd00000, 0x000000008bd00000, 0x000000008be00000|  0%| F|  |TAMS 0x000000008bd00000, 0x000000008bd00000| Untracked 
|  44|0x000000008be00000, 0x000000008be00000, 0x000000008bf00000|  0%| F|  |TAMS 0x000000008be00000, 0x000000008be00000| Untracked 
|  45|0x000000008bf00000, 0x000000008bf00000, 0x000000008c000000|  0%| F|  |TAMS 0x000000008bf00000, 0x000000008bf00000| Untracked 
|  46|0x000000008c000000, 0x000000008c000000, 0x000000008c100000|  0%| F|  |TAMS 0x000000008c000000, 0x000000008c000000| Untracked 
|  47|0x000000008c100000, 0x000000008c100000, 0x000000008c200000|  0%| F|  |TAMS 0x000000008c100000, 0x000000008c100000| Untracked 
|  48|0x000000008c200000, 0x000000008c200000, 0x000000008c300000|  0%| F|  |TAMS 0x000000008c200000, 0x000000008c200000| Untracked 
|  49|0x000000008c300000, 0x000000008c300000, 0x000000008c400000|  0%| F|  |TAMS 0x000000008c300000, 0x000000008c300000| Untracked 
|  50|0x000000008c400000, 0x000000008c400000, 0x000000008c500000|  0%| F|  |TAMS 0x000000008c400000, 0x000000008c400000| Untracked 
|  51|0x000000008c500000, 0x000000008c500000, 0x000000008c600000|  0%| F|  |TAMS 0x000000008c500000, 0x000000008c500000| Untracked 
|  52|0x000000008c600000, 0x000000008c600000, 0x000000008c700000|  0%| F|  |TAMS 0x000000008c600000, 0x000000008c600000| Untracked 
|  53|0x000000008c700000, 0x000000008c800000, 0x000000008c800000|100%| E|  |TAMS 0x000000008c700000, 0x000000008c700000| Complete 
|  54|0x000000008c800000, 0x000000008c900000, 0x000000008c900000|100%| E|CS|TAMS 0x000000008c800000, 0x000000008c800000| Complete 
|  55|0x000000008c900000, 0x000000008ca00000, 0x000000008ca00000|100%| E|CS|TAMS 0x000000008c900000, 0x000000008c900000| Complete 
|  56|0x000000008ca00000, 0x000000008cb00000, 0x000000008cb00000|100%| E|CS|TAMS 0x000000008ca00000, 0x000000008ca00000| Complete 

Card table byte_map: [0x000001b2b2cf0000,0x000001b2b30b0000] _byte_map_base: 0x000001b2b28a7000

Marking Bits (Prev, Next): (CMBitMap*) 0x000001b2b6ff1e18, (CMBitMap*) 0x000001b2b6ff1dd8
 Prev Bits: [0x000001b2b5230000, 0x000001b2b6fe8000)
 Next Bits: [0x000001b2b3470000, 0x000001b2b5228000)

Polling page: 0x000001b29a960000

Metaspace:

Usage:
  Non-class:     13.61 MB capacity,    13.31 MB ( 98%) used,   259.84 KB (  2%) free+waste,    52.75 KB ( <1%) overhead. 
      Class:      2.03 MB capacity,     1.83 MB ( 90%) used,   173.77 KB (  8%) free+waste,    27.50 KB (  1%) overhead. 
       Both:     15.64 MB capacity,    15.14 MB ( 97%) used,   433.61 KB (  3%) free+waste,    80.25 KB ( <1%) overhead. 

Virtual space:
  Non-class space:       14.00 MB reserved,      13.75 MB ( 98%) committed 
      Class space:        1.00 GB reserved,       2.13 MB ( <1%) committed 
             Both:        1.01 GB reserved,      15.88 MB (  2%) committed 

Chunk freelists:
   Non-Class:  13.00 KB
       Class:  5.00 KB
        Both:  18.00 KB

MaxMetaspaceSize: 17179869184.00 GB
CompressedClassSpaceSize: 1.00 GB

CodeHeap 'non-profiled nmethods': size=120000Kb used=681Kb max_used=681Kb free=119318Kb
 bounds [0x000001b2ab400000, 0x000001b2ab670000, 0x000001b2b2930000]
CodeHeap 'profiled nmethods': size=120000Kb used=3749Kb max_used=3749Kb free=116250Kb
 bounds [0x000001b2a3ed0000, 0x000001b2a4280000, 0x000001b2ab400000]
CodeHeap 'non-nmethods': size=5760Kb used=1251Kb max_used=1276Kb free=4508Kb
 bounds [0x000001b2a3930000, 0x000001b2a3ba0000, 0x000001b2a3ed0000]
 total_blobs=3082 nmethods=1865 adapters=435
 compilation: enabled
              stopped_count=0, restarted_count=0
 full_count=0

Compilation events (20 events):
Event: 5.574 Thread 0x000001b2bae2c000 1793       4       sun.net.util.IPAddressUtil::checkHostString (53 bytes)
Event: 5.579 Thread 0x000001b2bae2c000 nmethod 1793 0x000001b2ab49eb10 code [0x000001b2ab49ed00, 0x000001b2ab49efc8]
Event: 5.579 Thread 0x000001b2bae2c000 1794   !   4       java.net.URL::<init> (543 bytes)
Event: 5.616 Thread 0x000001b2b71c0000 nmethod 1763 0x000001b2ab49f290 code [0x000001b2ab49fa40, 0x000001b2ab4a4138]
Event: 5.617 Thread 0x000001b2b71c0000 1795       4       java.lang.StringConcatHelper::prepend (37 bytes)
Event: 5.619 Thread 0x000001b2b71c0000 nmethod 1795 0x000001b2ab4a5f10 code [0x000001b2ab4a60e0, 0x000001b2ab4a62f8]
Event: 5.631 Thread 0x000001b2bae2c000 nmethod 1794 0x000001b2ab4a6490 code [0x000001b2ab4a6860, 0x000001b2ab4a7f00]
Event: 11.879 Thread 0x000001b2b71c0000 1796   !   4       java.util.concurrent.ConcurrentHashMap::transfer (849 bytes)
Event: 11.891 Thread 0x000001b2b9dd1000 1798       3       java.lang.invoke.LambdaFormEditor$Transform::bval (26 bytes)
Event: 11.891 Thread 0x000001b2b9dd1000 nmethod 1798 0x000001b2a4252890 code [0x000001b2a4252a20, 0x000001b2a4252b18]
Event: 11.892 Thread 0x000001b2b9dd1000 1799   !   3       java.io.StringReader::read (133 bytes)
Event: 11.894 Thread 0x000001b2b9dd1000 nmethod 1799 0x000001b2a4252b90 code [0x000001b2a4252da0, 0x000001b2a42536a8]
Event: 11.894 Thread 0x000001b2b9dd1000 1800       3       java.io.StringReader::ensureOpen (18 bytes)
Event: 11.894 Thread 0x000001b2b9dd1000 nmethod 1800 0x000001b2a4253a90 code [0x000001b2a4253c40, 0x000001b2a4253e68]
Event: 11.894 Thread 0x000001b2b9dd1000 1801       3       java.util.ArrayDeque::peekFirst (12 bytes)
Event: 11.894 Thread 0x000001b2b9dd1000 nmethod 1801 0x000001b2a4253f10 code [0x000001b2a42540c0, 0x000001b2a4254258]
Event: 11.894 Thread 0x000001b2b9dd1000 1802       3       java.util.stream.ReferencePipeline$3$1::accept (23 bytes)
Event: 11.894 Thread 0x000001b2b9dd1000 nmethod 1802 0x000001b2a4254390 code [0x000001b2a4254540, 0x000001b2a4254818]
Event: 11.909 Thread 0x000001b2b9dd1000 1803       3       java.math.BigInteger::<init> (77 bytes)
Event: 11.910 Thread 0x000001b2b9dd1000 nmethod 1803 0x000001b2a4254910 code [0x000001b2a4254ac0, 0x000001b2a4254f98]

GC Heap History (20 events):
Event: 2.479 GC heap before
{Heap before GC invocations=25 (full 17):
 garbage-first heap   total 58368K, used 22233K [0x0000000089200000, 0x0000000100000000)
  region size 1024K, 1 young (1024K), 0 survivors (0K)
 Metaspace       used 7534K, capacity 8125K, committed 8448K, reserved 1056768K
  class space    used 836K, capacity 906K, committed 1024K, reserved 1048576K
}
Event: 2.489 GC heap after
{Heap after GC invocations=26 (full 18):
 garbage-first heap   total 58368K, used 22251K [0x0000000089200000, 0x0000000100000000)
  region size 1024K, 0 young (0K), 0 survivors (0K)
 Metaspace       used 7534K, capacity 8125K, committed 8448K, reserved 1056768K
  class space    used 836K, capacity 906K, committed 1024K, reserved 1048576K
}
Event: 2.491 GC heap before
{Heap before GC invocations=26 (full 18):
 garbage-first heap   total 58368K, used 22251K [0x0000000089200000, 0x0000000100000000)
  region size 1024K, 1 young (1024K), 0 survivors (0K)
 Metaspace       used 7534K, capacity 8125K, committed 8448K, reserved 1056768K
  class space    used 836K, capacity 906K, committed 1024K, reserved 1048576K
}
Event: 2.491 GC heap after
{Heap after GC invocations=27 (full 18):
 garbage-first heap   total 58368K, used 22257K [0x0000000089200000, 0x0000000100000000)
  region size 1024K, 1 young (1024K), 1 survivors (1024K)
 Metaspace       used 7534K, capacity 8125K, committed 8448K, reserved 1056768K
  class space    used 836K, capacity 906K, committed 1024K, reserved 1048576K
}
Event: 2.499 GC heap before
{Heap before GC invocations=27 (full 18):
 garbage-first heap   total 58368K, used 28401K [0x0000000089200000, 0x0000000100000000)
  region size 1024K, 2 young (2048K), 1 survivors (1024K)
 Metaspace       used 7534K, capacity 8125K, committed 8448K, reserved 1056768K
  class space    used 836K, capacity 906K, committed 1024K, reserved 1048576K
}
Event: 2.506 GC heap after
{Heap after GC invocations=28 (full 19):
 garbage-first heap   total 58368K, used 22233K [0x0000000089200000, 0x0000000100000000)
  region size 1024K, 0 young (0K), 0 survivors (0K)
 Metaspace       used 7534K, capacity 8125K, committed 8448K, reserved 1056768K
  class space    used 836K, capacity 906K, committed 1024K, reserved 1048576K
}
Event: 2.508 GC heap before
{Heap before GC invocations=28 (full 19):
 garbage-first heap   total 58368K, used 22233K [0x0000000089200000, 0x0000000100000000)
  region size 1024K, 1 young (1024K), 0 survivors (0K)
 Metaspace       used 7534K, capacity 8125K, committed 8448K, reserved 1056768K
  class space    used 836K, capacity 906K, committed 1024K, reserved 1048576K
}
Event: 2.518 GC heap after
{Heap after GC invocations=29 (full 20):
 garbage-first heap   total 58368K, used 22251K [0x0000000089200000, 0x0000000100000000)
  region size 1024K, 0 young (0K), 0 survivors (0K)
 Metaspace       used 7534K, capacity 8125K, committed 8448K, reserved 1056768K
  class space    used 836K, capacity 906K, committed 1024K, reserved 1048576K
}
Event: 2.520 GC heap before
{Heap before GC invocations=29 (full 20):
 garbage-first heap   total 58368K, used 22251K [0x0000000089200000, 0x0000000100000000)
  region size 1024K, 1 young (1024K), 0 survivors (0K)
 Metaspace       used 7535K, capacity 8125K, committed 8448K, reserved 1056768K
  class space    used 836K, capacity 906K, committed 1024K, reserved 1048576K
}
Event: 2.521 GC heap after
{Heap after GC invocations=30 (full 20):
 garbage-first heap   total 58368K, used 22257K [0x0000000089200000, 0x0000000100000000)
  region size 1024K, 1 young (1024K), 1 survivors (1024K)
 Metaspace       used 7535K, capacity 8125K, committed 8448K, reserved 1056768K
  class space    used 836K, capacity 906K, committed 1024K, reserved 1048576K
}
Event: 2.526 GC heap before
{Heap before GC invocations=30 (full 20):
 garbage-first heap   total 58368K, used 28401K [0x0000000089200000, 0x0000000100000000)
  region size 1024K, 2 young (2048K), 1 survivors (1024K)
 Metaspace       used 7536K, capacity 8125K, committed 8448K, reserved 1056768K
  class space    used 836K, capacity 906K, committed 1024K, reserved 1048576K
}
Event: 2.534 GC heap after
{Heap after GC invocations=31 (full 21):
 garbage-first heap   total 58368K, used 22233K [0x0000000089200000, 0x0000000100000000)
  region size 1024K, 0 young (0K), 0 survivors (0K)
 Metaspace       used 7536K, capacity 8125K, committed 8448K, reserved 1056768K
  class space    used 836K, capacity 906K, committed 1024K, reserved 1048576K
}
Event: 2.536 GC heap before
{Heap before GC invocations=31 (full 21):
 garbage-first heap   total 58368K, used 22233K [0x0000000089200000, 0x0000000100000000)
  region size 1024K, 1 young (1024K), 0 survivors (0K)
 Metaspace       used 7537K, capacity 8125K, committed 8448K, reserved 1056768K
  class space    used 836K, capacity 906K, committed 1024K, reserved 1048576K
}
Event: 2.544 GC heap after
{Heap after GC invocations=32 (full 22):
 garbage-first heap   total 58368K, used 16078K [0x0000000089200000, 0x0000000100000000)
  region size 1024K, 0 young (0K), 0 survivors (0K)
 Metaspace       used 7537K, capacity 8125K, committed 8448K, reserved 1056768K
  class space    used 836K, capacity 906K, committed 1024K, reserved 1048576K
}
Event: 2.551 GC heap before
{Heap before GC invocations=32 (full 22):
 garbage-first heap   total 58368K, used 22222K [0x0000000089200000, 0x0000000100000000)
  region size 1024K, 1 young (1024K), 0 survivors (0K)
 Metaspace       used 7539K, capacity 8125K, committed 8448K, reserved 1056768K
  class space    used 836K, capacity 906K, committed 1024K, reserved 1048576K
}
Event: 2.559 GC heap after
{Heap after GC invocations=33 (full 23):
 garbage-first heap   total 58368K, used 22233K [0x0000000089200000, 0x0000000100000000)
  region size 1024K, 0 young (0K), 0 survivors (0K)
 Metaspace       used 7539K, capacity 8125K, committed 8448K, reserved 1056768K
  class space    used 836K, capacity 906K, committed 1024K, reserved 1048576K
}
Event: 2.561 GC heap before
{Heap before GC invocations=33 (full 23):
 garbage-first heap   total 58368K, used 22233K [0x0000000089200000, 0x0000000100000000)
  region size 1024K, 1 young (1024K), 0 survivors (0K)
 Metaspace       used 7541K, capacity 8125K, committed 8448K, reserved 1056768K
  class space    used 836K, capacity 906K, committed 1024K, reserved 1048576K
}
Event: 2.577 GC heap after
{Heap after GC invocations=34 (full 24):
 garbage-first heap   total 58368K, used 22251K [0x0000000089200000, 0x0000000100000000)
  region size 1024K, 0 young (0K), 0 survivors (0K)
 Metaspace       used 7541K, capacity 8125K, committed 8448K, reserved 1056768K
  class space    used 836K, capacity 906K, committed 1024K, reserved 1048576K
}
Event: 5.554 GC heap before
{Heap before GC invocations=34 (full 24):
 garbage-first heap   total 58368K, used 45803K [0x0000000089200000, 0x0000000100000000)
  region size 1024K, 24 young (24576K), 0 survivors (0K)
 Metaspace       used 14666K, capacity 15220K, committed 15360K, reserved 1062912K
  class space    used 1768K, capacity 1980K, committed 2048K, reserved 1048576K
}
Event: 5.558 GC heap after
{Heap after GC invocations=35 (full 24):
 garbage-first heap   total 58368K, used 24799K [0x0000000089200000, 0x0000000100000000)
  region size 1024K, 3 young (3072K), 3 survivors (3072K)
 Metaspace       used 14666K, capacity 15220K, committed 15360K, reserved 1062912K
  class space    used 1768K, capacity 1980K, committed 2048K, reserved 1048576K
}

Deoptimization events (20 events):
Event: 3.834 Thread 0x000001b29b220000 Uncommon trap: trap_request=0xffffff45 fr.pc=0x000001b2ab4605d0 relative=0x0000000000000630
Event: 3.834 Thread 0x000001b29b220000 Uncommon trap: reason=unstable_if action=reinterpret pc=0x000001b2ab4605d0 method=java.lang.String.replace(CC)Ljava/lang/String; @ 2 c2
Event: 3.834 Thread 0x000001b29b220000 DEOPT PACKING pc=0x000001b2ab4605d0 sp=0x0000008dcc9fcb30
Event: 3.834 Thread 0x000001b29b220000 DEOPT UNPACKING pc=0x000001b2a397912f sp=0x0000008dcc9fcae0 mode 2
Event: 3.989 Thread 0x000001b2baded000 Uncommon trap: trap_request=0xffffff45 fr.pc=0x000001b2ab46df18 relative=0x0000000000000138
Event: 3.989 Thread 0x000001b2baded000 Uncommon trap: reason=unstable_if action=reinterpret pc=0x000001b2ab46df18 method=java.lang.CharacterDataLatin1.digit(II)I @ 12 c2
Event: 3.989 Thread 0x000001b2baded000 DEOPT PACKING pc=0x000001b2ab46df18 sp=0x0000008dcdbfea70
Event: 3.989 Thread 0x000001b2baded000 DEOPT UNPACKING pc=0x000001b2a397912f sp=0x0000008dcdbfe928 mode 2
Event: 4.525 Thread 0x000001b2baded000 Uncommon trap: trap_request=0xffffff45 fr.pc=0x000001b2ab46ad34 relative=0x00000000000000f4
Event: 4.525 Thread 0x000001b2baded000 Uncommon trap: reason=unstable_if action=reinterpret pc=0x000001b2ab46ad34 method=java.lang.CharacterDataLatin1.digit(II)I @ 12 c2
Event: 4.525 Thread 0x000001b2baded000 DEOPT PACKING pc=0x000001b2ab46ad34 sp=0x0000008dcdbfe9d0
Event: 4.525 Thread 0x000001b2baded000 DEOPT UNPACKING pc=0x000001b2a397912f sp=0x0000008dcdbfe948 mode 2
Event: 5.275 Thread 0x000001b29b220000 Uncommon trap: trap_request=0xffffff45 fr.pc=0x000001b2ab477ccc relative=0x00000000000003ec
Event: 5.275 Thread 0x000001b29b220000 Uncommon trap: reason=unstable_if action=reinterpret pc=0x000001b2ab477ccc method=java.io.ByteArrayInputStream.read([BII)I @ 35 c2
Event: 5.276 Thread 0x000001b29b220000 DEOPT PACKING pc=0x000001b2ab477ccc sp=0x0000008dcc9fc2c0
Event: 5.276 Thread 0x000001b29b220000 DEOPT UNPACKING pc=0x000001b2a397912f sp=0x0000008dcc9fc280 mode 2
Event: 5.349 Thread 0x000001b29b220000 Uncommon trap: trap_request=0xffffff45 fr.pc=0x000001b2ab48e7c4 relative=0x00000000000001a4
Event: 5.349 Thread 0x000001b29b220000 Uncommon trap: reason=unstable_if action=reinterpret pc=0x000001b2ab48e7c4 method=java.util.regex.Pattern$BmpCharProperty.match(Ljava/util/regex/Matcher;ILjava/lang/CharSequence;)Z @ 5 c2
Event: 5.349 Thread 0x000001b29b220000 DEOPT PACKING pc=0x000001b2ab48e7c4 sp=0x0000008dcc9fb4f0
Event: 5.349 Thread 0x000001b29b220000 DEOPT UNPACKING pc=0x000001b2a397912f sp=0x0000008dcc9fb4b8 mode 2

Classes unloaded (0 events):
No events

Classes redefined (0 events):
No events

Internal exceptions (20 events):
Event: 3.547 Thread 0x000001b29b220000 Exception <a 'sun/nio/fs/WindowsException'{0x000000008c2dcb18}> (0x000000008c2dcb18) 
thrown [./open/src/hotspot/share/prims/jni.cpp, line 599]
Event: 3.549 Thread 0x000001b29b220000 Exception <a 'java/lang/NoSuchMethodError'{0x000000008c2de498}: 'int java.lang.invoke.DirectMethodHandle$Holder.invokeSpecialIFC(java.lang.Object, java.lang.Object, int)'> (0x000000008c2de498) 
thrown [./open/src/hotspot/share/interpreter/linkResolver.cpp, line 766]
Event: 3.606 Thread 0x000001b29b220000 Exception <a 'java/lang/NoSuchMethodError'{0x000000008c104cd8}: 'int java.lang.invoke.DirectMethodHandle$Holder.invokeStaticInit(java.lang.Object, java.lang.Object, java.lang.Object, java.lang.Object)'> (0x000000008c104cd8) 
thrown [./open/src/hotspot/share/interpreter/linkResolver.cpp, line 766]
Event: 3.607 Thread 0x000001b29b220000 Exception <a 'java/lang/IncompatibleClassChangeError'{0x000000008c10d700}: Found class java.lang.Object, but interface was expected> (0x000000008c10d700) 
thrown [./open/src/hotspot/share/interpreter/linkResolver.cpp, line 832]
Event: 3.607 Thread 0x000001b29b220000 Exception <a 'java/lang/NoSuchMethodError'{0x000000008c110540}: 'void java.lang.invoke.DirectMethodHandle$Holder.invokeStaticInit(java.lang.Object, java.lang.Object)'> (0x000000008c110540) 
thrown [./open/src/hotspot/share/interpreter/linkResolver.cpp, line 766]
Event: 4.131 Thread 0x000001b2ba96e000 Exception <a 'java/lang/NoSuchMethodError'{0x000000008bd87b00}: 'void java.lang.invoke.DirectMethodHandle$Holder.invokeStatic(java.lang.Object, long)'> (0x000000008bd87b00) 
thrown [./open/src/hotspot/share/interpreter/linkResolver.cpp, line 766]
Event: 4.135 Thread 0x000001b2ba96e000 Exception <a 'java/lang/NoSuchMethodError'{0x000000008bd91f38}: 'java.lang.Object java.lang.invoke.DirectMethodHandle$Holder.invokeStaticInit(java.lang.Object, java.lang.Object, long, java.lang.Object)'> (0x000000008bd91f38) 
thrown [./open/src/hotspot/share/interpreter/linkResolver.cpp, line 766]
Event: 4.136 Thread 0x000001b2ba96e000 Exception <a 'java/lang/NoSuchMethodError'{0x000000008bd97398}: 'java.lang.Object java.lang.invoke.Invokers$Holder.linkToTargetMethod(java.lang.Object, long, java.lang.Object)'> (0x000000008bd97398) 
thrown [./open/src/hotspot/share/interpreter/linkResolver.cpp, line 766]
Event: 4.490 Thread 0x000001b2baded000 Exception <a 'java/net/SocketException'{0x000000008bc0a1f0}: Socket is not connected: shutdown> (0x000000008bc0a1f0) 
thrown [./open/src/hotspot/share/prims/jni.cpp, line 620]
Event: 5.086 Thread 0x000001b29b220000 Exception <a 'java/lang/NoSuchMethodError'{0x000000008bb78a00}: 'java.lang.Object java.lang.invoke.DirectMethodHandle$Holder.invokeInterface(java.lang.Object, java.lang.Object, java.lang.Object)'> (0x000000008bb78a00) 
thrown [./open/src/hotspot/share/interpreter/linkResolver.cpp, line 766]
Event: 5.086 Thread 0x000001b29b220000 Exception <a 'java/lang/IncompatibleClassChangeError'{0x000000008bb7bf60}: Found class java.lang.Object, but interface was expected> (0x000000008bb7bf60) 
thrown [./open/src/hotspot/share/interpreter/linkResolver.cpp, line 832]
Event: 5.095 Thread 0x000001b29b220000 Exception <a 'java/lang/NoSuchMethodError'{0x000000008bb86b18}: 'int java.lang.invoke.DirectMethodHandle$Holder.invokeSpecialIFC(java.lang.Object, java.lang.Object, java.lang.Object, java.lang.Object)'> (0x000000008bb86b18) 
thrown [./open/src/hotspot/share/interpreter/linkResolver.cpp, line 766]
Event: 5.097 Thread 0x000001b29b220000 Exception <a 'java/lang/NoSuchMethodError'{0x000000008bb8e808}: 'java.lang.Object java.lang.invoke.DirectMethodHandle$Holder.invokeInterface(java.lang.Object, java.lang.Object, java.lang.Object, java.lang.Object)'> (0x000000008bb8e808) 
thrown [./open/src/hotspot/share/interpreter/linkResolver.cpp, line 766]
Event: 5.104 Thread 0x000001b29b220000 Exception <a 'java/lang/NoSuchMethodError'{0x000000008bbb2770}: 'java.lang.Object java.lang.invoke.DirectMethodHandle$Holder.invokeVirtual(java.lang.Object, java.lang.Object, java.lang.Object)'> (0x000000008bbb2770) 
thrown [./open/src/hotspot/share/interpreter/linkResolver.cpp, line 766]
Event: 5.161 Thread 0x000001b29b220000 Exception <a 'java/lang/NoSuchMethodError'{0x000000008ba907b0}: 'double java.lang.invoke.DirectMethodHandle$Holder.invokeVirtual(java.lang.Object, java.lang.Object)'> (0x000000008ba907b0) 
thrown [./open/src/hotspot/share/interpreter/linkResolver.cpp, line 766]
Event: 5.162 Thread 0x000001b29b220000 Exception <a 'java/lang/NoSuchMethodError'{0x000000008ba96218}: 'float java.lang.invoke.DirectMethodHandle$Holder.invokeVirtual(java.lang.Object, java.lang.Object)'> (0x000000008ba96218) 
thrown [./open/src/hotspot/share/interpreter/linkResolver.cpp, line 766]
Event: 5.163 Thread 0x000001b29b220000 Exception <a 'java/lang/NoSuchMethodError'{0x000000008ba9dea8}: 'long java.lang.invoke.DirectMethodHandle$Holder.invokeVirtual(java.lang.Object, java.lang.Object)'> (0x000000008ba9dea8) 
thrown [./open/src/hotspot/share/interpreter/linkResolver.cpp, line 766]
Event: 5.213 Thread 0x000001b29b220000 Exception <a 'java/lang/NoSuchMethodError'{0x000000008b936f88}: 'void java.lang.invoke.DirectMethodHandle$Holder.invokeSpecial(java.lang.Object, java.lang.Object, java.lang.Object, java.lang.Object)'> (0x000000008b936f88) 
thrown [./open/src/hotspot/share/interpreter/linkResolver.cpp, line 766]
Event: 5.238 Thread 0x000001b29b220000 Exception <a 'java/lang/NoSuchMethodError'{0x000000008b9ec990}: 'void java.lang.invoke.DirectMethodHandle$Holder.invokeSpecial(java.lang.Object, java.lang.Object, java.lang.Object, java.lang.Object, java.lang.Object)'> (0x000000008b9ec990) 
thrown [./open/src/hotspot/share/interpreter/linkResolver.cpp, line 766]
Event: 11.913 Thread 0x000001b29b220000 Exception <a 'java/lang/NoSuchMethodError'{0x000000008c9e7fc8}: 'java.lang.Object java.lang.invoke.DirectMethodHandle$Holder.invokeSpecialIFC(java.lang.Object, java.lang.Object, java.lang.Object)'> (0x000000008c9e7fc8) 
thrown [./open/src/hotspot/share/interpreter/linkResolver.cpp, line 766]

Events (20 events):
Event: 11.880 loading class java/util/TreeSet
Event: 11.880 loading class java/util/TreeSet done
Event: 11.880 Executing VM operation: HandshakeOneThread
Event: 11.881 Executing VM operation: HandshakeOneThread done
Event: 11.881 Executing VM operation: HandshakeOneThread
Event: 11.881 Executing VM operation: HandshakeOneThread done
Event: 11.881 Executing VM operation: HandshakeOneThread
Event: 11.881 Executing VM operation: HandshakeOneThread done
Event: 11.881 Executing VM operation: HandshakeOneThread
Event: 11.881 Executing VM operation: HandshakeOneThread done
Event: 11.881 Executing VM operation: HandshakeOneThread
Event: 11.881 Executing VM operation: HandshakeOneThread done
Event: 11.881 Executing VM operation: HandshakeOneThread
Event: 11.881 Executing VM operation: HandshakeOneThread done
Event: 11.882 loading class java/util/TreeMap$KeySet
Event: 11.883 loading class java/util/TreeMap$KeySet done
Event: 11.883 loading class java/util/TreeMap$KeyIterator
Event: 11.883 loading class java/util/TreeMap$KeyIterator done
Event: 11.909 loading class java/math/MathContext
Event: 11.910 loading class java/math/MathContext done


Dynamic libraries:
0x00007ff66f290000 - 0x00007ff66f29f000 	C:\Program Files\Java\jdk-14.0.1\bin\javaw.exe
0x00007ffdfb2e0000 - 0x00007ffdfb4d0000 	C:\WINDOWS\SYSTEM32\ntdll.dll
0x00007ffdf9410000 - 0x00007ffdf94c2000 	C:\WINDOWS\System32\KERNEL32.DLL
0x00007ffdf8430000 - 0x00007ffdf86d5000 	C:\WINDOWS\System32\KERNELBASE.dll
0x00007ffdf9250000 - 0x00007ffdf934a000 	C:\WINDOWS\System32\ucrtbase.dll
0x00007ffdee480000 - 0x00007ffdee495000 	C:\Program Files\Java\jdk-14.0.1\bin\VCRUNTIME140.dll
0x00007ffde6500000 - 0x00007ffde6518000 	C:\Program Files\Java\jdk-14.0.1\bin\jli.dll
0x00007ffdfadc0000 - 0x00007ffdfae63000 	C:\WINDOWS\System32\ADVAPI32.dll
0x00007ffdfa350000 - 0x00007ffdfa3ee000 	C:\WINDOWS\System32\msvcrt.dll
0x00007ffdfb090000 - 0x00007ffdfb127000 	C:\WINDOWS\System32\sechost.dll
0x00007ffdf99e0000 - 0x00007ffdf9aff000 	C:\WINDOWS\System32\RPCRT4.dll
0x00007ffdfae70000 - 0x00007ffdfb004000 	C:\WINDOWS\System32\USER32.dll
0x00007ffdf9350000 - 0x00007ffdf9371000 	C:\WINDOWS\System32\win32u.dll
0x00007ffdfa860000 - 0x00007ffdfa886000 	C:\WINDOWS\System32\GDI32.dll
0x00007ffdf90b0000 - 0x00007ffdf9248000 	C:\WINDOWS\System32\gdi32full.dll
0x00007ffdf8740000 - 0x00007ffdf87de000 	C:\WINDOWS\System32\msvcp_win.dll
0x00007ffde4830000 - 0x00007ffde4ab4000 	C:\WINDOWS\WinSxS\amd64_microsoft.windows.common-controls_6595b64144ccf1df_6.0.18362.1316_none_9e7a364fe461dbd7\COMCTL32.dll
0x00007ffdfa3f0000 - 0x00007ffdfa727000 	C:\WINDOWS\System32\combase.dll
0x00007ffdf9380000 - 0x00007ffdf9401000 	C:\WINDOWS\System32\bcryptPrimitives.dll
0x00007ffdee890000 - 0x00007ffdee89a000 	C:\WINDOWS\SYSTEM32\VERSION.dll
0x00007ffdfb210000 - 0x00007ffdfb23e000 	C:\WINDOWS\System32\IMM32.DLL
0x00007ffdf7ce0000 - 0x00007ffdf7ee1000 	C:\WINDOWS\system32\tmumh\20019\AddOn\8.53.0.1060\TmUmEvt64.dll
0x00007ffdf9740000 - 0x00007ffdf9748000 	C:\WINDOWS\System32\PSAPI.DLL
0x00000000573a0000 - 0x000000005750e000 	C:\WINDOWS\system32\tmumh\20019\TmMon\2.8.0.1049\tmmon64.dll
0x00007ffdf9610000 - 0x00007ffdf9662000 	C:\WINDOWS\System32\Shlwapi.dll
0x00007ffdc98d0000 - 0x00007ffdc996b000 	C:\Program Files\Java\jdk-14.0.1\bin\msvcp140.dll
0x00007ffdd73f0000 - 0x00007ffdd7f0e000 	C:\Program Files\Java\jdk-14.0.1\bin\server\jvm.dll
0x00007ffde3500000 - 0x00007ffde3509000 	C:\WINDOWS\SYSTEM32\WSOCK32.dll
0x00007ffdfb130000 - 0x00007ffdfb19f000 	C:\WINDOWS\System32\WS2_32.dll
0x00007ffdf4d40000 - 0x00007ffdf4d64000 	C:\WINDOWS\SYSTEM32\WINMM.dll
0x00007ffdf4d10000 - 0x00007ffdf4d3d000 	C:\WINDOWS\SYSTEM32\WINMMBASE.dll
0x00007ffdf82e0000 - 0x00007ffdf832a000 	C:\WINDOWS\System32\cfgmgr32.dll
0x00007ffdf8290000 - 0x00007ffdf82a1000 	C:\WINDOWS\System32\kernel.appcore.dll
0x00007ffdf4a80000 - 0x00007ffdf4a8a000 	C:\Program Files\Java\jdk-14.0.1\bin\jimage.dll
0x00007ffde74f0000 - 0x00007ffde76e4000 	C:\WINDOWS\SYSTEM32\DBGHELP.DLL
0x00007ffde74c0000 - 0x00007ffde74ea000 	C:\WINDOWS\SYSTEM32\dbgcore.DLL
0x00007ffdf16d0000 - 0x00007ffdf16f5000 	C:\Program Files\Java\jdk-14.0.1\bin\java.dll
0x00007ffdf21e0000 - 0x00007ffdf21f6000 	C:\Program Files\Java\jdk-14.0.1\bin\zip.dll
0x00007ffdf9b00000 - 0x00007ffdfa1e8000 	C:\WINDOWS\System32\SHELL32.dll
0x00007ffdf9910000 - 0x00007ffdf99b7000 	C:\WINDOWS\System32\shcore.dll
0x00007ffdf87e0000 - 0x00007ffdf8f5b000 	C:\WINDOWS\System32\windows.storage.dll
0x00007ffdf82b0000 - 0x00007ffdf82d3000 	C:\WINDOWS\System32\profapi.dll
0x00007ffdf8220000 - 0x00007ffdf826a000 	C:\WINDOWS\System32\powrprof.dll
0x00007ffdf8210000 - 0x00007ffdf8220000 	C:\WINDOWS\System32\UMPDC.dll
0x00007ffdf8330000 - 0x00007ffdf8347000 	C:\WINDOWS\System32\cryptsp.dll
0x00007ffdf21c0000 - 0x00007ffdf21d9000 	C:\Program Files\Java\jdk-14.0.1\bin\net.dll
0x00007ffdf3600000 - 0x00007ffdf36f0000 	C:\WINDOWS\SYSTEM32\WINHTTP.dll
0x00007ffdf7790000 - 0x00007ffdf77f7000 	C:\WINDOWS\system32\mswsock.dll
0x00007ffdf08b0000 - 0x00007ffdf08c2000 	C:\Program Files\Java\jdk-14.0.1\bin\nio.dll
0x00007ffdf74f0000 - 0x00007ffdf75bb000 	C:\WINDOWS\SYSTEM32\DNSAPI.dll
0x00007ffdf9750000 - 0x00007ffdf9758000 	C:\WINDOWS\System32\NSI.dll
0x00007ffdf74b0000 - 0x00007ffdf74ea000 	C:\WINDOWS\SYSTEM32\IPHLPAPI.DLL
0x00007ffde80b0000 - 0x00007ffde80ba000 	C:\Windows\System32\rasadhlp.dll
0x00007ffdee210000 - 0x00007ffdee287000 	C:\WINDOWS\System32\fwpuclnt.dll
0x00007ffdf8350000 - 0x00007ffdf8376000 	C:\WINDOWS\System32\bcrypt.dll
0x00007ffdf7320000 - 0x00007ffdf7353000 	C:\WINDOWS\system32\rsaenh.dll
0x00007ffdf80f0000 - 0x00007ffdf8115000 	C:\WINDOWS\SYSTEM32\USERENV.dll
0x00007ffdf7910000 - 0x00007ffdf791c000 	C:\WINDOWS\SYSTEM32\CRYPTBASE.dll
0x00007ffdef460000 - 0x00007ffdef476000 	C:\WINDOWS\SYSTEM32\dhcpcsvc6.DLL
0x00007ffdef420000 - 0x00007ffdef43c000 	C:\WINDOWS\SYSTEM32\dhcpcsvc.DLL
0x00007ffdf0550000 - 0x00007ffdf0560000 	C:\Program Files\Java\jdk-14.0.1\bin\verify.dll
0x00007ffdee430000 - 0x00007ffdee43e000 	C:\Program Files\Java\jdk-14.0.1\bin\sunmscapi.dll
0x00007ffdf8f60000 - 0x00007ffdf90aa000 	C:\WINDOWS\System32\CRYPT32.dll
0x00007ffdf8270000 - 0x00007ffdf8282000 	C:\WINDOWS\System32\MSASN1.dll
0x00007ffdf7a10000 - 0x00007ffdf7a36000 	C:\WINDOWS\SYSTEM32\ncrypt.dll
0x00007ffdf79d0000 - 0x00007ffdf7a0b000 	C:\WINDOWS\SYSTEM32\NTASN1.dll
0x00007ffdd80f0000 - 0x00007ffdd8115000 	C:\Program Files\Java\jdk-14.0.1\bin\sunec.dll

dbghelp: loaded successfully - version: 4.0.5 - missing functions: none
symbol engine: initialized successfully - sym options: 0x614 - pdb path: .;C:\Program Files\Java\jdk-14.0.1\bin;C:\WINDOWS\SYSTEM32;C:\WINDOWS\WinSxS\amd64_microsoft.windows.common-controls_6595b64144ccf1df_6.0.18362.1316_none_9e7a364fe461dbd7;C:\WINDOWS\system32\tmumh\20019\AddOn\8.53.0.1060;C:\WINDOWS\system32\tmumh\20019\TmMon\2.8.0.1049;C:\Program Files\Java\jdk-14.0.1\bin\server

VM Arguments:
jvm_args: -ea -Dfile.encoding=Cp1252 
java_command: org.testng.remote.RemoteTestNG -serport 63490 -protocol json -d D:\JavaTest\Amazon\test-output C:\Users\ANJALI~1\AppData\Local\Temp\testng-eclipse--1875792147\testng-customsuite.xml
java_class_path (initial): D:\sts-bundle\sts-3.9.8.RELEASE\configuration\org.eclipse.osgi\895\0\.cp\lib\testng-remote.jar;D:\JavaTest\Amazon\target\test-classes;D:\JavaTest\Amazon\target\classes;D:\JavaTest\mysql-connector.jar\mysql-connector.jar;C:\Users\Anjali Jain\.m2\repository\org\seleniumhq\selenium\selenium-java\3.141.59\selenium-java-3.141.59.jar;C:\Users\Anjali Jain\.m2\repository\org\seleniumhq\selenium\selenium-api\3.141.59\selenium-api-3.141.59.jar;C:\Users\Anjali Jain\.m2\repository\org\seleniumhq\selenium\selenium-chrome-driver\3.141.59\selenium-chrome-driver-3.141.59.jar;C:\Users\Anjali Jain\.m2\repository\org\seleniumhq\selenium\selenium-edge-driver\3.141.59\selenium-edge-driver-3.141.59.jar;C:\Users\Anjali Jain\.m2\repository\org\seleniumhq\selenium\selenium-firefox-driver\3.141.59\selenium-firefox-driver-3.141.59.jar;C:\Users\Anjali Jain\.m2\repository\org\seleniumhq\selenium\selenium-ie-driver\3.141.59\selenium-ie-driver-3.141.59.jar;C:\Users\Anjali Jain\.m2\repository\org\seleniumhq\selenium\selenium-opera-driver\3.141.59\selenium-opera-driver-3.141.59.jar;C:\Users\Anjali Jain\.m2\repository\org\seleniumhq\selenium\selenium-remote-driver\3.141.59\selenium-remote-driver-3.141.59.jar;C:\Users\Anjali Jain\.m2\repository\org\seleniumhq\selenium\selenium-safari-driver\3.141.59\selenium-safari-driver-3.141.59.jar;C:\Users\Anjali Jain\.m2\repository\org\seleniumhq\selenium\selenium-support\3.141.59\selenium-support-3.141.59.jar;C:\Users\Anjali Jain\.m2\repository\net\bytebuddy\byte-buddy\1.8.15\byte-buddy-1.8.15.jar;C:\Users\Anjali Jain\.m2\repository\org\apache\commons\commons-exec\1.3\commons-exec-1.3.jar;C:\Users\Anjali Jain\.m2\repository\com\google\guava\guava\25.0-jre\guava-25.0-jre.jar;C:\Users\Anjali Jain\.m2\repository\com\google\code\findbugs\jsr305\1.3.9\jsr305-1.3.9.jar;C:\Users\Anjali Jain\.m2\repository\org\checkerframework\checker-compat-qual\2.0.0\checker-compat-qual-2.0.0.jar;C:\Users\Anjali Jain\.m2\repository\com\google\errorprone\e
Launcher Type: SUN_STANDARD

[Global flags]
     intx CICompilerCount                          = 3                                         {product} {ergonomic}
     uint ConcGCThreads                            = 1                                         {product} {ergonomic}
     uint G1ConcRefinementThreads                  = 4                                         {product} {ergonomic}
   size_t G1HeapRegionSize                         = 1048576                                   {product} {ergonomic}
    uintx GCDrainStackTargetSize                   = 64                                        {product} {ergonomic}
   size_t InitialHeapSize                          = 125829120                                 {product} {ergonomic}
   size_t MarkStackSize                            = 4194304                                   {product} {ergonomic}
   size_t MaxHeapSize                              = 1994391552                                {product} {ergonomic}
   size_t MaxNewSize                               = 1196425216                                {product} {ergonomic}
   size_t MinHeapDeltaBytes                        = 1048576                                   {product} {ergonomic}
   size_t MinHeapSize                              = 8388608                                   {product} {ergonomic}
    uintx NonNMethodCodeHeapSize                   = 5832780                                {pd product} {ergonomic}
    uintx NonProfiledCodeHeapSize                  = 122912730                              {pd product} {ergonomic}
    uintx ProfiledCodeHeapSize                     = 122912730                              {pd product} {ergonomic}
    uintx ReservedCodeCacheSize                    = 251658240                              {pd product} {ergonomic}
     bool SegmentedCodeCache                       = true                                      {product} {ergonomic}
   size_t SoftMaxHeapSize                          = 1994391552                             {manageable} {ergonomic}
     bool UseCompressedClassPointers               = true                                 {lp64_product} {ergonomic}
     bool UseCompressedOops                        = true                                 {lp64_product} {ergonomic}
     bool UseG1GC                                  = true                                      {product} {ergonomic}
     bool UseLargePagesIndividualAllocation        = false                                  {pd product} {ergonomic}

Logging:
Log output configuration:
 #0: stdout all=warning uptime,level,tags
 #1: stderr all=off uptime,level,tags

Environment Variables:
JRE_HOME=C:\Program Files\Java\jdk-14.0.1\jre
PATH=C:/Program Files/Java/jdk-14.0.1/bin/server;C:/Program Files/Java/jdk-14.0.1/bin;C:\Program Files\Java\jdk-14.0.1\bin;C:\Program Files\TortoiseSVN\bin;C:\Program Files\Git\cmd;D:\JavaTest\Nodejs\;C:\Program Files\MySQL\MySQL Shell 8.0\bin\;C:\Users\Anjali Jain\AppData\Local\Programs\Python\Python38\Scripts\;C:\Users\Anjali Jain\AppData\Local\Programs\Python\Python38\;C:\Users\Anjali Jain\AppData\Local\Microsoft\WindowsApps;C:\Users\Anjali Jain\AppData\Local\GitHubDesktop\bin;C:\Users\Anjali Jain\AppData\Roaming\npm;D:\sts-bundle\sts-3.9.8.RELEASE;
USERNAME=Anjali Jain
OS=Windows_NT
PROCESSOR_IDENTIFIER=Intel64 Family 6 Model 78 Stepping 3, GenuineIntel



---------------  S Y S T E M  ---------------

OS: Windows 10 , 64 bit Build 18362 (10.0.18362.1316)
OS uptime: 0 days 13:33 hours
HyperV virtualization detected

CPU:total 4 (initial active 4) (2 cores per cpu, 2 threads per core) family 6 model 78 stepping 3, cmov, cx8, fxsr, mmx, sse, sse2, sse3, ssse3, sse4.1, sse4.2, popcnt, avx, avx2, aes, clmul, erms, 3dnowpref, lzcnt, ht, tsc, tscinvbit, bmi1, bmi2, adx, fma

Memory: 4k page, system-wide physical 7607M (493M free)
TotalPageFile size 13607M (AvailPageFile size 0M)
current process WorkingSet (physical memory assigned to process): 126M, peak: 135M
current process commit charge ("private bytes"): 161M, peak: 222M

vm_info: Java HotSpot(TM) 64-Bit Server VM (14.0.1+7) for windows-amd64 JRE (14.0.1+7), built on Mar  5 2020 10:30:14 by "mach5one" with MS VC++ 15.9 (VS2017)

END.
